# JRE version: OpenJDK Runtime Environment (23.0.1+11) (build 23.0.1+11-39)
# Java VM: OpenJDK 64-Bit Server VM (23.0.1+11-39, mixed mode, sharing, tiered, compressed oops, compressed class ptrs, g1 gc, windows-amd64)
GC Precious Log:
 CardTable entry size: 512
 Card Set container configuration: InlinePtr #cards 4 size 8 Array Of Cards #cards 16 size 48 Howl #buckets 8 coarsen threshold 3686 Howl Bitmap #cards 512 size 80 coarsen threshold 460 Card regions per heap region 1 cards per card region 4096
 CPUs: 12 total, 12 available
 Memory: 10092M
 Large Page Support: Disabled
 NUMA Support: Disabled
 Compressed Oops: Enabled (Zero based)
 Heap Region Size: 2M
 Heap Min Capacity: 8M
 Heap Initial Capacity: 158M
 Heap Max Capacity: 2524M
 Pre-touch: Disabled
 Parallel Workers: 10
 Concurrent Workers: 3
 Concurrent Refinement Workers: 10
 Periodic GC: Disabled
Heap:
 garbage-first heap   total reserved 2584576K, committed 86016K, used 48997K [0x0000000762400000, 0x0000000800000000)
  region size 2048K, 7 young (14336K), 3 survivors (6144K)
 Metaspace       used 31791K, committed 32192K, reserved 1114112K
  class space    used 4252K, committed 4416K, reserved 1048576K
GC Heap History (10 events):
Event: 0.626 GC heap before
{Heap before GC invocations=0 (full 0):
 garbage-first heap   total reserved 2584576K, committed 161792K, used 22528K [0x0000000762400000, 0x0000000800000000)
  region size 2048K, 12 young (24576K), 0 survivors (0K)
 Metaspace       used 7900K, committed 8064K, reserved 1114112K
  class space    used 972K, committed 1024K, reserved 1048576K
}
Event: 0.629 GC heap after
{Heap after GC invocations=1 (full 0):
 garbage-first heap   total reserved 2584576K, committed 161792K, used 5266K [0x0000000762400000, 0x0000000800000000)
  region size 2048K, 2 young (4096K), 2 survivors (4096K)
 Metaspace       used 7900K, committed 8064K, reserved 1114112K
  class space    used 972K, committed 1024K, reserved 1048576K
}
Event: 1.069 GC heap before
{Heap before GC invocations=1 (full 0):
 garbage-first heap   total reserved 2584576K, committed 161792K, used 31890K [0x0000000762400000, 0x0000000800000000)
  region size 2048K, 13 young (26624K), 2 survivors (4096K)
 Metaspace       used 15116K, committed 15360K, reserved 1114112K
  class space    used 2021K, committed 2112K, reserved 1048576K
}
Event: 1.073 GC heap after
{Heap after GC invocations=2 (full 0):
 garbage-first heap   total reserved 2584576K, committed 161792K, used 14212K [0x0000000762400000, 0x0000000800000000)
  region size 2048K, 2 young (4096K), 2 survivors (4096K)
 Metaspace       used 15116K, committed 15360K, reserved 1114112K
  class space    used 2021K, committed 2112K, reserved 1048576K
}
Event: 1.660 GC heap before
{Heap before GC invocations=2 (full 0):
 garbage-first heap   total reserved 2584576K, committed 161792K, used 42884K [0x0000000762400000, 0x0000000800000000)
  region size 2048K, 17 young (34816K), 2 survivors (4096K)
 Metaspace       used 21166K, committed 21504K, reserved 1114112K
  class space    used 3144K, committed 3328K, reserved 1048576K
}
Event: 1.666 GC heap after
{Heap after GC invocations=3 (full 0):
 garbage-first heap   total reserved 2584576K, committed 161792K, used 19783K [0x0000000762400000, 0x0000000800000000)
  region size 2048K, 4 young (8192K), 4 survivors (8192K)
 Metaspace       used 21166K, committed 21504K, reserved 1114112K
  class space    used 3144K, committed 3328K, reserved 1048576K
}
Event: 12.045 GC heap before
{Heap before GC invocations=4 (full 0):
 garbage-first heap   total reserved 2584576K, committed 69632K, used 68935K [0x0000000762400000, 0x0000000800000000)
  region size 2048K, 25 young (51200K), 4 survivors (8192K)
 Metaspace       used 30237K, committed 30656K, reserved 1114112K
  class space    used 4086K, committed 4288K, reserved 1048576K
}
Event: 12.053 GC heap after
{Heap after GC invocations=5 (full 0):
 garbage-first heap   total reserved 2584576K, committed 86016K, used 34093K [0x0000000762400000, 0x0000000800000000)
  region size 2048K, 4 young (8192K), 4 survivors (8192K)
 Metaspace       used 30237K, committed 30656K, reserved 1114112K
  class space    used 4086K, committed 4288K, reserved 1048576K
}
Event: 25.854 GC heap before
{Heap before GC invocations=5 (full 0):
 garbage-first heap   total reserved 2584576K, committed 86016K, used 66861K [0x0000000762400000, 0x0000000800000000)
  region size 2048K, 18 young (36864K), 4 survivors (8192K)
 Metaspace       used 31773K, committed 32128K, reserved 1114112K
  class space    used 4252K, committed 4416K, reserved 1048576K
}
Event: 25.863 GC heap after
{Heap after GC invocations=6 (full 0):
 garbage-first heap   total reserved 2584576K, committed 86016K, used 42853K [0x0000000762400000, 0x0000000800000000)
  region size 2048K, 3 young (6144K), 3 survivors (6144K)
 Metaspace       used 31773K, committed 32128K, reserved 1114112K
  class space    used 4252K, committed 4416K, reserved 1048576K
}

